<?xml version="1.0" encoding="UTF-8"?>
<testsuite xmlns:xsi="http://www.w3.org/2001/XMLSchema-instance" xsi:noNamespaceSchemaLocation="https://maven.apache.org/surefire/maven-surefire-plugin/xsd/surefire-test-report-3.0.xsd" version="3.0" name="com.example.springbootdemo3.SpringbootDemo3ApplicationTests" time="0.586" tests="2" errors="1" skipped="0" failures="0">
  <properties>
    <property name="java.specification.version" value="17"/>
    <property name="sun.cpu.isalist" value="amd64"/>
    <property name="sun.jnu.encoding" value="GBK"/>
    <property name="java.class.path" value="D:\IDEACode\demo2\SpringBoot\springboot-demo3\target\test-classes;D:\IDEACode\demo2\SpringBoot\springboot-demo3\target\classes;D:\apache-maven-3.6.1\mvn_localrepository\org\springframework\boot\spring-boot-starter-web\3.2.3\spring-boot-starter-web-3.2.3.jar;D:\apache-maven-3.6.1\mvn_localrepository\org\springframework\boot\spring-boot-starter\3.2.3\spring-boot-starter-3.2.3.jar;D:\apache-maven-3.6.1\mvn_localrepository\org\springframework\boot\spring-boot\3.2.3\spring-boot-3.2.3.jar;D:\apache-maven-3.6.1\mvn_localrepository\org\springframework\boot\spring-boot-autoconfigure\3.2.3\spring-boot-autoconfigure-3.2.3.jar;D:\apache-maven-3.6.1\mvn_localrepository\org\springframework\boot\spring-boot-starter-logging\3.2.3\spring-boot-starter-logging-3.2.3.jar;D:\apache-maven-3.6.1\mvn_localrepository\ch\qos\logback\logback-classic\1.4.14\logback-classic-1.4.14.jar;D:\apache-maven-3.6.1\mvn_localrepository\ch\qos\logback\logback-core\1.4.14\logback-core-1.4.14.jar;D:\apache-maven-3.6.1\mvn_localrepository\org\apache\logging\log4j\log4j-to-slf4j\2.21.1\log4j-to-slf4j-2.21.1.jar;D:\apache-maven-3.6.1\mvn_localrepository\org\apache\logging\log4j\log4j-api\2.21.1\log4j-api-2.21.1.jar;D:\apache-maven-3.6.1\mvn_localrepository\org\slf4j\jul-to-slf4j\2.0.12\jul-to-slf4j-2.0.12.jar;D:\apache-maven-3.6.1\mvn_localrepository\jakarta\annotation\jakarta.annotation-api\2.1.1\jakarta.annotation-api-2.1.1.jar;D:\apache-maven-3.6.1\mvn_localrepository\org\yaml\snakeyaml\2.2\snakeyaml-2.2.jar;D:\apache-maven-3.6.1\mvn_localrepository\org\springframework\boot\spring-boot-starter-json\3.2.3\spring-boot-starter-json-3.2.3.jar;D:\apache-maven-3.6.1\mvn_localrepository\com\fasterxml\jackson\datatype\jackson-datatype-jdk8\2.15.4\jackson-datatype-jdk8-2.15.4.jar;D:\apache-maven-3.6.1\mvn_localrepository\com\fasterxml\jackson\datatype\jackson-datatype-jsr310\2.15.4\jackson-datatype-jsr310-2.15.4.jar;D:\apache-maven-3.6.1\mvn_localrepository\com\fasterxml\jackson\module\jackson-module-parameter-names\2.15.4\jackson-module-parameter-names-2.15.4.jar;D:\apache-maven-3.6.1\mvn_localrepository\org\springframework\boot\spring-boot-starter-tomcat\3.2.3\spring-boot-starter-tomcat-3.2.3.jar;D:\apache-maven-3.6.1\mvn_localrepository\org\apache\tomcat\embed\tomcat-embed-core\10.1.19\tomcat-embed-core-10.1.19.jar;D:\apache-maven-3.6.1\mvn_localrepository\org\apache\tomcat\embed\tomcat-embed-el\10.1.19\tomcat-embed-el-10.1.19.jar;D:\apache-maven-3.6.1\mvn_localrepository\org\apache\tomcat\embed\tomcat-embed-websocket\10.1.19\tomcat-embed-websocket-10.1.19.jar;D:\apache-maven-3.6.1\mvn_localrepository\org\springframework\spring-web\6.1.4\spring-web-6.1.4.jar;D:\apache-maven-3.6.1\mvn_localrepository\org\springframework\spring-beans\6.1.4\spring-beans-6.1.4.jar;D:\apache-maven-3.6.1\mvn_localrepository\org\springframework\spring-webmvc\6.1.4\spring-webmvc-6.1.4.jar;D:\apache-maven-3.6.1\mvn_localrepository\org\springframework\spring-context\6.1.4\spring-context-6.1.4.jar;D:\apache-maven-3.6.1\mvn_localrepository\org\springframework\spring-expression\6.1.4\spring-expression-6.1.4.jar;D:\apache-maven-3.6.1\mvn_localrepository\org\mybatis\spring\boot\mybatis-spring-boot-starter\3.0.3\mybatis-spring-boot-starter-3.0.3.jar;D:\apache-maven-3.6.1\mvn_localrepository\org\springframework\boot\spring-boot-starter-jdbc\3.2.3\spring-boot-starter-jdbc-3.2.3.jar;D:\apache-maven-3.6.1\mvn_localrepository\com\zaxxer\HikariCP\5.0.1\HikariCP-5.0.1.jar;D:\apache-maven-3.6.1\mvn_localrepository\org\springframework\spring-jdbc\6.1.4\spring-jdbc-6.1.4.jar;D:\apache-maven-3.6.1\mvn_localrepository\org\mybatis\spring\boot\mybatis-spring-boot-autoconfigure\3.0.3\mybatis-spring-boot-autoconfigure-3.0.3.jar;D:\apache-maven-3.6.1\mvn_localrepository\org\mybatis\mybatis\3.5.14\mybatis-3.5.14.jar;D:\apache-maven-3.6.1\mvn_localrepository\org\mybatis\mybatis-spring\3.0.3\mybatis-spring-3.0.3.jar;D:\apache-maven-3.6.1\mvn_localrepository\com\mysql\mysql-connector-j\8.3.0\mysql-connector-j-8.3.0.jar;D:\apache-maven-3.6.1\mvn_localrepository\org\projectlombok\lombok\1.18.30\lombok-1.18.30.jar;D:\apache-maven-3.6.1\mvn_localrepository\org\springframework\boot\spring-boot-starter-test\3.2.3\spring-boot-starter-test-3.2.3.jar;D:\apache-maven-3.6.1\mvn_localrepository\org\springframework\boot\spring-boot-test\3.2.3\spring-boot-test-3.2.3.jar;D:\apache-maven-3.6.1\mvn_localrepository\org\springframework\boot\spring-boot-test-autoconfigure\3.2.3\spring-boot-test-autoconfigure-3.2.3.jar;D:\apache-maven-3.6.1\mvn_localrepository\com\jayway\jsonpath\json-path\2.9.0\json-path-2.9.0.jar;D:\apache-maven-3.6.1\mvn_localrepository\org\slf4j\slf4j-api\2.0.12\slf4j-api-2.0.12.jar;D:\apache-maven-3.6.1\mvn_localrepository\jakarta\xml\bind\jakarta.xml.bind-api\4.0.1\jakarta.xml.bind-api-4.0.1.jar;D:\apache-maven-3.6.1\mvn_localrepository\jakarta\activation\jakarta.activation-api\2.1.2\jakarta.activation-api-2.1.2.jar;D:\apache-maven-3.6.1\mvn_localrepository\net\minidev\json-smart\2.5.0\json-smart-2.5.0.jar;D:\apache-maven-3.6.1\mvn_localrepository\net\minidev\accessors-smart\2.5.0\accessors-smart-2.5.0.jar;D:\apache-maven-3.6.1\mvn_localrepository\org\ow2\asm\asm\9.3\asm-9.3.jar;D:\apache-maven-3.6.1\mvn_localrepository\org\assertj\assertj-core\3.24.2\assertj-core-3.24.2.jar;D:\apache-maven-3.6.1\mvn_localrepository\net\bytebuddy\byte-buddy\1.14.12\byte-buddy-1.14.12.jar;D:\apache-maven-3.6.1\mvn_localrepository\org\awaitility\awaitility\4.2.0\awaitility-4.2.0.jar;D:\apache-maven-3.6.1\mvn_localrepository\org\hamcrest\hamcrest\2.2\hamcrest-2.2.jar;D:\apache-maven-3.6.1\mvn_localrepository\org\junit\jupiter\junit-jupiter\5.10.2\junit-jupiter-5.10.2.jar;D:\apache-maven-3.6.1\mvn_localrepository\org\junit\jupiter\junit-jupiter-api\5.10.2\junit-jupiter-api-5.10.2.jar;D:\apache-maven-3.6.1\mvn_localrepository\org\opentest4j\opentest4j\1.3.0\opentest4j-1.3.0.jar;D:\apache-maven-3.6.1\mvn_localrepository\org\junit\platform\junit-platform-commons\1.10.2\junit-platform-commons-1.10.2.jar;D:\apache-maven-3.6.1\mvn_localrepository\org\apiguardian\apiguardian-api\1.1.2\apiguardian-api-1.1.2.jar;D:\apache-maven-3.6.1\mvn_localrepository\org\junit\jupiter\junit-jupiter-params\5.10.2\junit-jupiter-params-5.10.2.jar;D:\apache-maven-3.6.1\mvn_localrepository\org\junit\jupiter\junit-jupiter-engine\5.10.2\junit-jupiter-engine-5.10.2.jar;D:\apache-maven-3.6.1\mvn_localrepository\org\junit\platform\junit-platform-engine\1.10.2\junit-platform-engine-1.10.2.jar;D:\apache-maven-3.6.1\mvn_localrepository\org\mockito\mockito-core\5.7.0\mockito-core-5.7.0.jar;D:\apache-maven-3.6.1\mvn_localrepository\net\bytebuddy\byte-buddy-agent\1.14.12\byte-buddy-agent-1.14.12.jar;D:\apache-maven-3.6.1\mvn_localrepository\org\objenesis\objenesis\3.3\objenesis-3.3.jar;D:\apache-maven-3.6.1\mvn_localrepository\org\mockito\mockito-junit-jupiter\5.7.0\mockito-junit-jupiter-5.7.0.jar;D:\apache-maven-3.6.1\mvn_localrepository\org\skyscreamer\jsonassert\1.5.1\jsonassert-1.5.1.jar;D:\apache-maven-3.6.1\mvn_localrepository\com\vaadin\external\google\android-json\0.0.20131108.vaadin1\android-json-0.0.20131108.vaadin1.jar;D:\apache-maven-3.6.1\mvn_localrepository\org\springframework\spring-core\6.1.4\spring-core-6.1.4.jar;D:\apache-maven-3.6.1\mvn_localrepository\org\springframework\spring-jcl\6.1.4\spring-jcl-6.1.4.jar;D:\apache-maven-3.6.1\mvn_localrepository\org\springframework\spring-test\6.1.4\spring-test-6.1.4.jar;D:\apache-maven-3.6.1\mvn_localrepository\org\xmlunit\xmlunit-core\2.9.1\xmlunit-core-2.9.1.jar;D:\apache-maven-3.6.1\mvn_localrepository\org\mybatis\spring\boot\mybatis-spring-boot-starter-test\3.0.3\mybatis-spring-boot-starter-test-3.0.3.jar;D:\apache-maven-3.6.1\mvn_localrepository\org\mybatis\spring\boot\mybatis-spring-boot-test-autoconfigure\3.0.3\mybatis-spring-boot-test-autoconfigure-3.0.3.jar;D:\apache-maven-3.6.1\mvn_localrepository\org\springframework\spring-tx\6.1.4\spring-tx-6.1.4.jar;D:\apache-maven-3.6.1\mvn_localrepository\com\github\pagehelper\pagehelper-spring-boot-starter\1.4.6\pagehelper-spring-boot-starter-1.4.6.jar;D:\apache-maven-3.6.1\mvn_localrepository\com\github\pagehelper\pagehelper-spring-boot-autoconfigure\1.4.6\pagehelper-spring-boot-autoconfigure-1.4.6.jar;D:\apache-maven-3.6.1\mvn_localrepository\com\github\pagehelper\pagehelper\5.3.2\pagehelper-5.3.2.jar;D:\apache-maven-3.6.1\mvn_localrepository\com\github\jsqlparser\jsqlparser\4.5\jsqlparser-4.5.jar;D:\apache-maven-3.6.1\mvn_localrepository\com\aliyun\oss\aliyun-sdk-oss\3.15.1\aliyun-sdk-oss-3.15.1.jar;D:\apache-maven-3.6.1\mvn_localrepository\org\apache\httpcomponents\httpclient\4.4.1\httpclient-4.4.1.jar;D:\apache-maven-3.6.1\mvn_localrepository\org\apache\httpcomponents\httpcore\4.4.16\httpcore-4.4.16.jar;D:\apache-maven-3.6.1\mvn_localrepository\commons-logging\commons-logging\1.2\commons-logging-1.2.jar;D:\apache-maven-3.6.1\mvn_localrepository\commons-codec\commons-codec\1.16.1\commons-codec-1.16.1.jar;D:\apache-maven-3.6.1\mvn_localrepository\org\jdom\jdom2\2.0.6.1\jdom2-2.0.6.1.jar;D:\apache-maven-3.6.1\mvn_localrepository\org\codehaus\jettison\jettison\1.1\jettison-1.1.jar;D:\apache-maven-3.6.1\mvn_localrepository\stax\stax-api\1.0.1\stax-api-1.0.1.jar;D:\apache-maven-3.6.1\mvn_localrepository\com\aliyun\aliyun-java-sdk-core\4.5.10\aliyun-java-sdk-core-4.5.10.jar;D:\apache-maven-3.6.1\mvn_localrepository\com\google\code\gson\gson\2.10.1\gson-2.10.1.jar;D:\apache-maven-3.6.1\mvn_localrepository\org\jacoco\org.jacoco.agent\0.8.5\org.jacoco.agent-0.8.5-runtime.jar;D:\apache-maven-3.6.1\mvn_localrepository\org\ini4j\ini4j\0.5.4\ini4j-0.5.4.jar;D:\apache-maven-3.6.1\mvn_localrepository\io\opentracing\opentracing-api\0.33.0\opentracing-api-0.33.0.jar;D:\apache-maven-3.6.1\mvn_localrepository\io\opentracing\opentracing-util\0.33.0\opentracing-util-0.33.0.jar;D:\apache-maven-3.6.1\mvn_localrepository\io\opentracing\opentracing-noop\0.33.0\opentracing-noop-0.33.0.jar;D:\apache-maven-3.6.1\mvn_localrepository\com\aliyun\aliyun-java-sdk-ram\3.1.0\aliyun-java-sdk-ram-3.1.0.jar;D:\apache-maven-3.6.1\mvn_localrepository\com\aliyun\aliyun-java-sdk-kms\2.11.0\aliyun-java-sdk-kms-2.11.0.jar;D:\apache-maven-3.6.1\mvn_localrepository\javax\xml\bind\jaxb-api\2.3.1\jaxb-api-2.3.1.jar;D:\apache-maven-3.6.1\mvn_localrepository\javax\activation\javax.activation-api\1.2.0\javax.activation-api-1.2.0.jar;D:\apache-maven-3.6.1\mvn_localrepository\javax\activation\activation\1.1.1\activation-1.1.1.jar;D:\apache-maven-3.6.1\mvn_localrepository\org\glassfish\jaxb\jaxb-runtime\2.3.3\jaxb-runtime-2.3.3.jar;D:\apache-maven-3.6.1\mvn_localrepository\org\glassfish\jaxb\txw2\4.0.4\txw2-4.0.4.jar;D:\apache-maven-3.6.1\mvn_localrepository\com\sun\istack\istack-commons-runtime\4.1.2\istack-commons-runtime-4.1.2.jar;D:\apache-maven-3.6.1\mvn_localrepository\com\sun\activation\jakarta.activation\1.2.2\jakarta.activation-1.2.2.jar;D:\apache-maven-3.6.1\mvn_localrepository\org\springframework\boot\spring-boot-configuration-processor\3.2.3\spring-boot-configuration-processor-3.2.3.jar;D:\apache-maven-3.6.1\mvn_localrepository\io\jsonwebtoken\jjwt\0.9.1\jjwt-0.9.1.jar;D:\apache-maven-3.6.1\mvn_localrepository\com\fasterxml\jackson\core\jackson-databind\2.15.4\jackson-databind-2.15.4.jar;D:\apache-maven-3.6.1\mvn_localrepository\com\fasterxml\jackson\core\jackson-annotations\2.15.4\jackson-annotations-2.15.4.jar;D:\apache-maven-3.6.1\mvn_localrepository\com\fasterxml\jackson\core\jackson-core\2.15.4\jackson-core-2.15.4.jar;D:\apache-maven-3.6.1\mvn_localrepository\com\alibaba\fastjson\2.0.9.graal\fastjson-2.0.9.graal.jar;D:\apache-maven-3.6.1\mvn_localrepository\com\alibaba\fastjson2\fastjson2-extension\2.0.9.graal\fastjson2-extension-2.0.9.graal.jar;D:\apache-maven-3.6.1\mvn_localrepository\com\alibaba\fastjson2\fastjson2\2.0.9.graal\fastjson2-2.0.9.graal.jar;D:\apache-maven-3.6.1\mvn_localrepository\org\springframework\boot\spring-boot-starter-aop\3.2.3\spring-boot-starter-aop-3.2.3.jar;D:\apache-maven-3.6.1\mvn_localrepository\org\springframework\spring-aop\6.1.4\spring-aop-6.1.4.jar;D:\apache-maven-3.6.1\mvn_localrepository\org\aspectj\aspectjweaver\1.9.21\aspectjweaver-1.9.21.jar;D:\apache-maven-3.6.1\mvn_localrepository\org\springframework\boot\spring-boot-starter-actuator\3.2.3\spring-boot-starter-actuator-3.2.3.jar;D:\apache-maven-3.6.1\mvn_localrepository\org\springframework\boot\spring-boot-actuator-autoconfigure\3.2.3\spring-boot-actuator-autoconfigure-3.2.3.jar;D:\apache-maven-3.6.1\mvn_localrepository\org\springframework\boot\spring-boot-actuator\3.2.3\spring-boot-actuator-3.2.3.jar;D:\apache-maven-3.6.1\mvn_localrepository\io\micrometer\micrometer-observation\1.12.3\micrometer-observation-1.12.3.jar;D:\apache-maven-3.6.1\mvn_localrepository\io\micrometer\micrometer-commons\1.12.3\micrometer-commons-1.12.3.jar;D:\apache-maven-3.6.1\mvn_localrepository\io\micrometer\micrometer-jakarta9\1.12.3\micrometer-jakarta9-1.12.3.jar;D:\apache-maven-3.6.1\mvn_localrepository\io\micrometer\micrometer-core\1.12.3\micrometer-core-1.12.3.jar;D:\apache-maven-3.6.1\mvn_localrepository\org\hdrhistogram\HdrHistogram\2.1.12\HdrHistogram-2.1.12.jar;D:\apache-maven-3.6.1\mvn_localrepository\org\latencyutils\LatencyUtils\2.0.3\LatencyUtils-2.0.3.jar;"/>
    <property name="java.vm.vendor" value="Oracle Corporation"/>
    <property name="sun.arch.data.model" value="64"/>
    <property name="user.variant" value=""/>
    <property name="java.vendor.url" value="https://java.oracle.com/"/>
    <property name="user.timezone" value="Asia/Taipei"/>
    <property name="os.name" value="Windows 11"/>
    <property name="java.vm.specification.version" value="17"/>
    <property name="sun.java.launcher" value="SUN_STANDARD"/>
    <property name="user.country" value="CN"/>
    <property name="sun.boot.library.path" value="C:\Program Files\Java\jdk-17\bin"/>
    <property name="sun.java.command" value="C:\Users\33428\AppData\Local\Temp\surefire12456892996889498814\surefirebooter-20240324095527281_3.jar C:\Users\33428\AppData\Local\Temp\surefire12456892996889498814 2024-03-24T09-55-27_142-jvmRun1 surefire-20240324095527281_1tmp surefire_0-20240324095527281_2tmp"/>
    <property name="jdk.debug" value="release"/>
    <property name="surefire.test.class.path" value="D:\IDEACode\demo2\SpringBoot\springboot-demo3\target\test-classes;D:\IDEACode\demo2\SpringBoot\springboot-demo3\target\classes;D:\apache-maven-3.6.1\mvn_localrepository\org\springframework\boot\spring-boot-starter-web\3.2.3\spring-boot-starter-web-3.2.3.jar;D:\apache-maven-3.6.1\mvn_localrepository\org\springframework\boot\spring-boot-starter\3.2.3\spring-boot-starter-3.2.3.jar;D:\apache-maven-3.6.1\mvn_localrepository\org\springframework\boot\spring-boot\3.2.3\spring-boot-3.2.3.jar;D:\apache-maven-3.6.1\mvn_localrepository\org\springframework\boot\spring-boot-autoconfigure\3.2.3\spring-boot-autoconfigure-3.2.3.jar;D:\apache-maven-3.6.1\mvn_localrepository\org\springframework\boot\spring-boot-starter-logging\3.2.3\spring-boot-starter-logging-3.2.3.jar;D:\apache-maven-3.6.1\mvn_localrepository\ch\qos\logback\logback-classic\1.4.14\logback-classic-1.4.14.jar;D:\apache-maven-3.6.1\mvn_localrepository\ch\qos\logback\logback-core\1.4.14\logback-core-1.4.14.jar;D:\apache-maven-3.6.1\mvn_localrepository\org\apache\logging\log4j\log4j-to-slf4j\2.21.1\log4j-to-slf4j-2.21.1.jar;D:\apache-maven-3.6.1\mvn_localrepository\org\apache\logging\log4j\log4j-api\2.21.1\log4j-api-2.21.1.jar;D:\apache-maven-3.6.1\mvn_localrepository\org\slf4j\jul-to-slf4j\2.0.12\jul-to-slf4j-2.0.12.jar;D:\apache-maven-3.6.1\mvn_localrepository\jakarta\annotation\jakarta.annotation-api\2.1.1\jakarta.annotation-api-2.1.1.jar;D:\apache-maven-3.6.1\mvn_localrepository\org\yaml\snakeyaml\2.2\snakeyaml-2.2.jar;D:\apache-maven-3.6.1\mvn_localrepository\org\springframework\boot\spring-boot-starter-json\3.2.3\spring-boot-starter-json-3.2.3.jar;D:\apache-maven-3.6.1\mvn_localrepository\com\fasterxml\jackson\datatype\jackson-datatype-jdk8\2.15.4\jackson-datatype-jdk8-2.15.4.jar;D:\apache-maven-3.6.1\mvn_localrepository\com\fasterxml\jackson\datatype\jackson-datatype-jsr310\2.15.4\jackson-datatype-jsr310-2.15.4.jar;D:\apache-maven-3.6.1\mvn_localrepository\com\fasterxml\jackson\module\jackson-module-parameter-names\2.15.4\jackson-module-parameter-names-2.15.4.jar;D:\apache-maven-3.6.1\mvn_localrepository\org\springframework\boot\spring-boot-starter-tomcat\3.2.3\spring-boot-starter-tomcat-3.2.3.jar;D:\apache-maven-3.6.1\mvn_localrepository\org\apache\tomcat\embed\tomcat-embed-core\10.1.19\tomcat-embed-core-10.1.19.jar;D:\apache-maven-3.6.1\mvn_localrepository\org\apache\tomcat\embed\tomcat-embed-el\10.1.19\tomcat-embed-el-10.1.19.jar;D:\apache-maven-3.6.1\mvn_localrepository\org\apache\tomcat\embed\tomcat-embed-websocket\10.1.19\tomcat-embed-websocket-10.1.19.jar;D:\apache-maven-3.6.1\mvn_localrepository\org\springframework\spring-web\6.1.4\spring-web-6.1.4.jar;D:\apache-maven-3.6.1\mvn_localrepository\org\springframework\spring-beans\6.1.4\spring-beans-6.1.4.jar;D:\apache-maven-3.6.1\mvn_localrepository\org\springframework\spring-webmvc\6.1.4\spring-webmvc-6.1.4.jar;D:\apache-maven-3.6.1\mvn_localrepository\org\springframework\spring-context\6.1.4\spring-context-6.1.4.jar;D:\apache-maven-3.6.1\mvn_localrepository\org\springframework\spring-expression\6.1.4\spring-expression-6.1.4.jar;D:\apache-maven-3.6.1\mvn_localrepository\org\mybatis\spring\boot\mybatis-spring-boot-starter\3.0.3\mybatis-spring-boot-starter-3.0.3.jar;D:\apache-maven-3.6.1\mvn_localrepository\org\springframework\boot\spring-boot-starter-jdbc\3.2.3\spring-boot-starter-jdbc-3.2.3.jar;D:\apache-maven-3.6.1\mvn_localrepository\com\zaxxer\HikariCP\5.0.1\HikariCP-5.0.1.jar;D:\apache-maven-3.6.1\mvn_localrepository\org\springframework\spring-jdbc\6.1.4\spring-jdbc-6.1.4.jar;D:\apache-maven-3.6.1\mvn_localrepository\org\mybatis\spring\boot\mybatis-spring-boot-autoconfigure\3.0.3\mybatis-spring-boot-autoconfigure-3.0.3.jar;D:\apache-maven-3.6.1\mvn_localrepository\org\mybatis\mybatis\3.5.14\mybatis-3.5.14.jar;D:\apache-maven-3.6.1\mvn_localrepository\org\mybatis\mybatis-spring\3.0.3\mybatis-spring-3.0.3.jar;D:\apache-maven-3.6.1\mvn_localrepository\com\mysql\mysql-connector-j\8.3.0\mysql-connector-j-8.3.0.jar;D:\apache-maven-3.6.1\mvn_localrepository\org\projectlombok\lombok\1.18.30\lombok-1.18.30.jar;D:\apache-maven-3.6.1\mvn_localrepository\org\springframework\boot\spring-boot-starter-test\3.2.3\spring-boot-starter-test-3.2.3.jar;D:\apache-maven-3.6.1\mvn_localrepository\org\springframework\boot\spring-boot-test\3.2.3\spring-boot-test-3.2.3.jar;D:\apache-maven-3.6.1\mvn_localrepository\org\springframework\boot\spring-boot-test-autoconfigure\3.2.3\spring-boot-test-autoconfigure-3.2.3.jar;D:\apache-maven-3.6.1\mvn_localrepository\com\jayway\jsonpath\json-path\2.9.0\json-path-2.9.0.jar;D:\apache-maven-3.6.1\mvn_localrepository\org\slf4j\slf4j-api\2.0.12\slf4j-api-2.0.12.jar;D:\apache-maven-3.6.1\mvn_localrepository\jakarta\xml\bind\jakarta.xml.bind-api\4.0.1\jakarta.xml.bind-api-4.0.1.jar;D:\apache-maven-3.6.1\mvn_localrepository\jakarta\activation\jakarta.activation-api\2.1.2\jakarta.activation-api-2.1.2.jar;D:\apache-maven-3.6.1\mvn_localrepository\net\minidev\json-smart\2.5.0\json-smart-2.5.0.jar;D:\apache-maven-3.6.1\mvn_localrepository\net\minidev\accessors-smart\2.5.0\accessors-smart-2.5.0.jar;D:\apache-maven-3.6.1\mvn_localrepository\org\ow2\asm\asm\9.3\asm-9.3.jar;D:\apache-maven-3.6.1\mvn_localrepository\org\assertj\assertj-core\3.24.2\assertj-core-3.24.2.jar;D:\apache-maven-3.6.1\mvn_localrepository\net\bytebuddy\byte-buddy\1.14.12\byte-buddy-1.14.12.jar;D:\apache-maven-3.6.1\mvn_localrepository\org\awaitility\awaitility\4.2.0\awaitility-4.2.0.jar;D:\apache-maven-3.6.1\mvn_localrepository\org\hamcrest\hamcrest\2.2\hamcrest-2.2.jar;D:\apache-maven-3.6.1\mvn_localrepository\org\junit\jupiter\junit-jupiter\5.10.2\junit-jupiter-5.10.2.jar;D:\apache-maven-3.6.1\mvn_localrepository\org\junit\jupiter\junit-jupiter-api\5.10.2\junit-jupiter-api-5.10.2.jar;D:\apache-maven-3.6.1\mvn_localrepository\org\opentest4j\opentest4j\1.3.0\opentest4j-1.3.0.jar;D:\apache-maven-3.6.1\mvn_localrepository\org\junit\platform\junit-platform-commons\1.10.2\junit-platform-commons-1.10.2.jar;D:\apache-maven-3.6.1\mvn_localrepository\org\apiguardian\apiguardian-api\1.1.2\apiguardian-api-1.1.2.jar;D:\apache-maven-3.6.1\mvn_localrepository\org\junit\jupiter\junit-jupiter-params\5.10.2\junit-jupiter-params-5.10.2.jar;D:\apache-maven-3.6.1\mvn_localrepository\org\junit\jupiter\junit-jupiter-engine\5.10.2\junit-jupiter-engine-5.10.2.jar;D:\apache-maven-3.6.1\mvn_localrepository\org\junit\platform\junit-platform-engine\1.10.2\junit-platform-engine-1.10.2.jar;D:\apache-maven-3.6.1\mvn_localrepository\org\mockito\mockito-core\5.7.0\mockito-core-5.7.0.jar;D:\apache-maven-3.6.1\mvn_localrepository\net\bytebuddy\byte-buddy-agent\1.14.12\byte-buddy-agent-1.14.12.jar;D:\apache-maven-3.6.1\mvn_localrepository\org\objenesis\objenesis\3.3\objenesis-3.3.jar;D:\apache-maven-3.6.1\mvn_localrepository\org\mockito\mockito-junit-jupiter\5.7.0\mockito-junit-jupiter-5.7.0.jar;D:\apache-maven-3.6.1\mvn_localrepository\org\skyscreamer\jsonassert\1.5.1\jsonassert-1.5.1.jar;D:\apache-maven-3.6.1\mvn_localrepository\com\vaadin\external\google\android-json\0.0.20131108.vaadin1\android-json-0.0.20131108.vaadin1.jar;D:\apache-maven-3.6.1\mvn_localrepository\org\springframework\spring-core\6.1.4\spring-core-6.1.4.jar;D:\apache-maven-3.6.1\mvn_localrepository\org\springframework\spring-jcl\6.1.4\spring-jcl-6.1.4.jar;D:\apache-maven-3.6.1\mvn_localrepository\org\springframework\spring-test\6.1.4\spring-test-6.1.4.jar;D:\apache-maven-3.6.1\mvn_localrepository\org\xmlunit\xmlunit-core\2.9.1\xmlunit-core-2.9.1.jar;D:\apache-maven-3.6.1\mvn_localrepository\org\mybatis\spring\boot\mybatis-spring-boot-starter-test\3.0.3\mybatis-spring-boot-starter-test-3.0.3.jar;D:\apache-maven-3.6.1\mvn_localrepository\org\mybatis\spring\boot\mybatis-spring-boot-test-autoconfigure\3.0.3\mybatis-spring-boot-test-autoconfigure-3.0.3.jar;D:\apache-maven-3.6.1\mvn_localrepository\org\springframework\spring-tx\6.1.4\spring-tx-6.1.4.jar;D:\apache-maven-3.6.1\mvn_localrepository\com\github\pagehelper\pagehelper-spring-boot-starter\1.4.6\pagehelper-spring-boot-starter-1.4.6.jar;D:\apache-maven-3.6.1\mvn_localrepository\com\github\pagehelper\pagehelper-spring-boot-autoconfigure\1.4.6\pagehelper-spring-boot-autoconfigure-1.4.6.jar;D:\apache-maven-3.6.1\mvn_localrepository\com\github\pagehelper\pagehelper\5.3.2\pagehelper-5.3.2.jar;D:\apache-maven-3.6.1\mvn_localrepository\com\github\jsqlparser\jsqlparser\4.5\jsqlparser-4.5.jar;D:\apache-maven-3.6.1\mvn_localrepository\com\aliyun\oss\aliyun-sdk-oss\3.15.1\aliyun-sdk-oss-3.15.1.jar;D:\apache-maven-3.6.1\mvn_localrepository\org\apache\httpcomponents\httpclient\4.4.1\httpclient-4.4.1.jar;D:\apache-maven-3.6.1\mvn_localrepository\org\apache\httpcomponents\httpcore\4.4.16\httpcore-4.4.16.jar;D:\apache-maven-3.6.1\mvn_localrepository\commons-logging\commons-logging\1.2\commons-logging-1.2.jar;D:\apache-maven-3.6.1\mvn_localrepository\commons-codec\commons-codec\1.16.1\commons-codec-1.16.1.jar;D:\apache-maven-3.6.1\mvn_localrepository\org\jdom\jdom2\2.0.6.1\jdom2-2.0.6.1.jar;D:\apache-maven-3.6.1\mvn_localrepository\org\codehaus\jettison\jettison\1.1\jettison-1.1.jar;D:\apache-maven-3.6.1\mvn_localrepository\stax\stax-api\1.0.1\stax-api-1.0.1.jar;D:\apache-maven-3.6.1\mvn_localrepository\com\aliyun\aliyun-java-sdk-core\4.5.10\aliyun-java-sdk-core-4.5.10.jar;D:\apache-maven-3.6.1\mvn_localrepository\com\google\code\gson\gson\2.10.1\gson-2.10.1.jar;D:\apache-maven-3.6.1\mvn_localrepository\org\jacoco\org.jacoco.agent\0.8.5\org.jacoco.agent-0.8.5-runtime.jar;D:\apache-maven-3.6.1\mvn_localrepository\org\ini4j\ini4j\0.5.4\ini4j-0.5.4.jar;D:\apache-maven-3.6.1\mvn_localrepository\io\opentracing\opentracing-api\0.33.0\opentracing-api-0.33.0.jar;D:\apache-maven-3.6.1\mvn_localrepository\io\opentracing\opentracing-util\0.33.0\opentracing-util-0.33.0.jar;D:\apache-maven-3.6.1\mvn_localrepository\io\opentracing\opentracing-noop\0.33.0\opentracing-noop-0.33.0.jar;D:\apache-maven-3.6.1\mvn_localrepository\com\aliyun\aliyun-java-sdk-ram\3.1.0\aliyun-java-sdk-ram-3.1.0.jar;D:\apache-maven-3.6.1\mvn_localrepository\com\aliyun\aliyun-java-sdk-kms\2.11.0\aliyun-java-sdk-kms-2.11.0.jar;D:\apache-maven-3.6.1\mvn_localrepository\javax\xml\bind\jaxb-api\2.3.1\jaxb-api-2.3.1.jar;D:\apache-maven-3.6.1\mvn_localrepository\javax\activation\javax.activation-api\1.2.0\javax.activation-api-1.2.0.jar;D:\apache-maven-3.6.1\mvn_localrepository\javax\activation\activation\1.1.1\activation-1.1.1.jar;D:\apache-maven-3.6.1\mvn_localrepository\org\glassfish\jaxb\jaxb-runtime\2.3.3\jaxb-runtime-2.3.3.jar;D:\apache-maven-3.6.1\mvn_localrepository\org\glassfish\jaxb\txw2\4.0.4\txw2-4.0.4.jar;D:\apache-maven-3.6.1\mvn_localrepository\com\sun\istack\istack-commons-runtime\4.1.2\istack-commons-runtime-4.1.2.jar;D:\apache-maven-3.6.1\mvn_localrepository\com\sun\activation\jakarta.activation\1.2.2\jakarta.activation-1.2.2.jar;D:\apache-maven-3.6.1\mvn_localrepository\org\springframework\boot\spring-boot-configuration-processor\3.2.3\spring-boot-configuration-processor-3.2.3.jar;D:\apache-maven-3.6.1\mvn_localrepository\io\jsonwebtoken\jjwt\0.9.1\jjwt-0.9.1.jar;D:\apache-maven-3.6.1\mvn_localrepository\com\fasterxml\jackson\core\jackson-databind\2.15.4\jackson-databind-2.15.4.jar;D:\apache-maven-3.6.1\mvn_localrepository\com\fasterxml\jackson\core\jackson-annotations\2.15.4\jackson-annotations-2.15.4.jar;D:\apache-maven-3.6.1\mvn_localrepository\com\fasterxml\jackson\core\jackson-core\2.15.4\jackson-core-2.15.4.jar;D:\apache-maven-3.6.1\mvn_localrepository\com\alibaba\fastjson\2.0.9.graal\fastjson-2.0.9.graal.jar;D:\apache-maven-3.6.1\mvn_localrepository\com\alibaba\fastjson2\fastjson2-extension\2.0.9.graal\fastjson2-extension-2.0.9.graal.jar;D:\apache-maven-3.6.1\mvn_localrepository\com\alibaba\fastjson2\fastjson2\2.0.9.graal\fastjson2-2.0.9.graal.jar;D:\apache-maven-3.6.1\mvn_localrepository\org\springframework\boot\spring-boot-starter-aop\3.2.3\spring-boot-starter-aop-3.2.3.jar;D:\apache-maven-3.6.1\mvn_localrepository\org\springframework\spring-aop\6.1.4\spring-aop-6.1.4.jar;D:\apache-maven-3.6.1\mvn_localrepository\org\aspectj\aspectjweaver\1.9.21\aspectjweaver-1.9.21.jar;D:\apache-maven-3.6.1\mvn_localrepository\org\springframework\boot\spring-boot-starter-actuator\3.2.3\spring-boot-starter-actuator-3.2.3.jar;D:\apache-maven-3.6.1\mvn_localrepository\org\springframework\boot\spring-boot-actuator-autoconfigure\3.2.3\spring-boot-actuator-autoconfigure-3.2.3.jar;D:\apache-maven-3.6.1\mvn_localrepository\org\springframework\boot\spring-boot-actuator\3.2.3\spring-boot-actuator-3.2.3.jar;D:\apache-maven-3.6.1\mvn_localrepository\io\micrometer\micrometer-observation\1.12.3\micrometer-observation-1.12.3.jar;D:\apache-maven-3.6.1\mvn_localrepository\io\micrometer\micrometer-commons\1.12.3\micrometer-commons-1.12.3.jar;D:\apache-maven-3.6.1\mvn_localrepository\io\micrometer\micrometer-jakarta9\1.12.3\micrometer-jakarta9-1.12.3.jar;D:\apache-maven-3.6.1\mvn_localrepository\io\micrometer\micrometer-core\1.12.3\micrometer-core-1.12.3.jar;D:\apache-maven-3.6.1\mvn_localrepository\org\hdrhistogram\HdrHistogram\2.1.12\HdrHistogram-2.1.12.jar;D:\apache-maven-3.6.1\mvn_localrepository\org\latencyutils\LatencyUtils\2.0.3\LatencyUtils-2.0.3.jar;"/>
    <property name="sun.cpu.endian" value="little"/>
    <property name="user.home" value="C:\Users\33428"/>
    <property name="user.language" value="zh"/>
    <property name="java.specification.vendor" value="Oracle Corporation"/>
    <property name="java.version.date" value="2023-07-18"/>
    <property name="java.home" value="C:\Program Files\Java\jdk-17"/>
    <property name="file.separator" value="\"/>
    <property name="basedir" value="D:\IDEACode\demo2\SpringBoot\springboot-demo3"/>
    <property name="java.vm.compressedOopsMode" value="Zero based"/>
    <property name="line.separator" value="&#10;"/>
    <property name="java.vm.specification.vendor" value="Oracle Corporation"/>
    <property name="java.specification.name" value="Java Platform API Specification"/>
    <property name="surefire.real.class.path" value="C:\Users\33428\AppData\Local\Temp\surefire12456892996889498814\surefirebooter-20240324095527281_3.jar"/>
    <property name="user.script" value=""/>
    <property name="sun.management.compiler" value="HotSpot 64-Bit Tiered Compilers"/>
    <property name="java.runtime.version" value="17.0.8+9-LTS-211"/>
    <property name="user.name" value="33428"/>
    <property name="path.separator" value=";"/>
    <property name="os.version" value="10.0"/>
    <property name="java.runtime.name" value="Java(TM) SE Runtime Environment"/>
    <property name="file.encoding" value="GBK"/>
    <property name="java.vm.name" value="Java HotSpot(TM) 64-Bit Server VM"/>
    <property name="localRepository" value="D:\apache-maven-3.6.1\mvn_localrepository"/>
    <property name="java.vendor.url.bug" value="https://bugreport.java.com/bugreport/"/>
    <property name="java.io.tmpdir" value="C:\Users\33428\AppData\Local\Temp\"/>
    <property name="idea.version" value="2023.2"/>
    <property name="java.version" value="17.0.8"/>
    <property name="user.dir" value="D:\IDEACode\demo2\SpringBoot\springboot-demo3"/>
    <property name="os.arch" value="amd64"/>
    <property name="java.vm.specification.name" value="Java Virtual Machine Specification"/>
    <property name="sun.os.patch.level" value=""/>
    <property name="native.encoding" value="GBK"/>
    <property name="java.library.path" value="C:\Program Files\Java\jdk-17\bin;C:\WINDOWS\Sun\Java\bin;C:\WINDOWS\system32;C:\WINDOWS;C:\Windows\System32;C:\Program Files\Java\jdk-17\bin;D:\apache-maven-3.6.1\bin;D:\mysql-8.0.31-winx64\bin;D:\NodeJS\;.;C:\Program Files\Java\jdk-17\lib\dt.jar;C:\Program Files\Java\jdk-17\lib\tools.jar;C:\WINDOWS\system32;C:\WINDOWS;C:\WINDOWS\System32\Wbem;C:\WINDOWS\System32\WindowsPowerShell\v1.0\;C:\WINDOWS\System32\OpenSSH\;C:\Program Files\Azure Data Studio\bin;C:\Program Files (x86)\Tencent\QQ\Bin;C:\Program Files (x86)\Tencent\WeChat;D:\Xshell7\;D:\xftp\;C:\Git\cmd;C:\Program Files (x86)\Windows Kits\10\Windows Performance Toolkit\;D:\Python\Scripts\;D:\Python\;C:\Users\33428\AppData\Local\Microsoft\WindowsApps;C:\Program Files\Bandizip\;D:\BaiduNetdiskDownload\mingw64\bin;C:\Program Files\Azure Data Studio\bin;D:\idea\IntelliJ IDEA 2021.1.3\bin;;D:\VS Code\bin;C:\Users\33428\AppData\Roaming\npm;C:\Users\33428\AppData\Local\GitHubDesktop\bin;."/>
    <property name="java.vm.info" value="mixed mode, sharing"/>
    <property name="java.vendor" value="Oracle Corporation"/>
    <property name="java.vm.version" value="17.0.8+9-LTS-211"/>
    <property name="sun.io.unicode.encoding" value="UnicodeLittle"/>
    <property name="maven.repo.local" value="D:\apache-maven-3.6.1\mvn_localrepository"/>
    <property name="java.class.version" value="61.0"/>
  </properties>
  <testcase name="JWTParse" classname="com.example.springbootdemo3.SpringbootDemo3ApplicationTests" time="0.535">
    <error message="JWT expired at 2024-03-18T20:01:02Z. Current time: 2024-03-24T09:55:28Z, a difference of 482066652 milliseconds.  Allowed clock skew: 0 milliseconds." type="io.jsonwebtoken.ExpiredJwtException"><![CDATA[io.jsonwebtoken.ExpiredJwtException: JWT expired at 2024-03-18T20:01:02Z. Current time: 2024-03-24T09:55:28Z, a difference of 482066652 milliseconds.  Allowed clock skew: 0 milliseconds.
	at io.jsonwebtoken.impl.DefaultJwtParser.parse(DefaultJwtParser.java:385)
	at io.jsonwebtoken.impl.DefaultJwtParser.parse(DefaultJwtParser.java:481)
	at io.jsonwebtoken.impl.DefaultJwtParser.parseClaimsJws(DefaultJwtParser.java:541)
	at com.example.springbootdemo3.SpringbootDemo3ApplicationTests.JWTParse(SpringbootDemo3ApplicationTests.java:32)
	at java.base/java.lang.reflect.Method.invoke(Method.java:568)
	at java.base/java.util.ArrayList.forEach(ArrayList.java:1511)
	at java.base/java.util.ArrayList.forEach(ArrayList.java:1511)
]]></error>
  </testcase>
  <testcase name="JWTTest" classname="com.example.springbootdemo3.SpringbootDemo3ApplicationTests" time="0.029">
    <system-out><![CDATA[eyJhbGciOiJIUzI1NiJ9.eyJuYW1lIjoidG9tIiwiaWQiOjEsImV4cCI6MTcxMTI0NTQ0OH0.dq4OZxyTRacaaEdrusC-pBBCraFOkZIFUfAegGG9s64
]]></system-out>
  </testcase>
</testsuite>